26-Jul-2023 23:24:45.102 INFO [main] org.apache.catalina.startup.VersionLoggerListener.log Server version name:   Apache Tomcat/9.0.78
26-Jul-2023 23:24:45.105 INFO [main] org.apache.catalina.startup.VersionLoggerListener.log Server built:          Jul 4 2023 13:15:43 UTC
26-Jul-2023 23:24:45.105 INFO [main] org.apache.catalina.startup.VersionLoggerListener.log Server version number: 9.0.78.0
26-Jul-2023 23:24:45.105 INFO [main] org.apache.catalina.startup.VersionLoggerListener.log OS Name:               Windows 10
26-Jul-2023 23:24:45.105 INFO [main] org.apache.catalina.startup.VersionLoggerListener.log OS Version:            10.0
26-Jul-2023 23:24:45.105 INFO [main] org.apache.catalina.startup.VersionLoggerListener.log Architecture:          amd64
26-Jul-2023 23:24:45.106 INFO [main] org.apache.catalina.startup.VersionLoggerListener.log Java Home:             C:\Program Files\Java\jdk1.8.0_351\jre
26-Jul-2023 23:24:45.106 INFO [main] org.apache.catalina.startup.VersionLoggerListener.log JVM Version:           1.8.0_351-b10
26-Jul-2023 23:24:45.106 INFO [main] org.apache.catalina.startup.VersionLoggerListener.log JVM Vendor:            Oracle Corporation
26-Jul-2023 23:24:45.106 INFO [main] org.apache.catalina.startup.VersionLoggerListener.log CATALINA_BASE:         C:\Users\benny\Desktop\apache-tomcat-9.0.78
26-Jul-2023 23:24:45.106 INFO [main] org.apache.catalina.startup.VersionLoggerListener.log CATALINA_HOME:         C:\Users\benny\Desktop\apache-tomcat-9.0.78
26-Jul-2023 23:24:45.108 INFO [main] org.apache.catalina.startup.VersionLoggerListener.log Command line argument: -Djava.util.logging.config.file=C:\Users\benny\Desktop\apache-tomcat-9.0.78\conf\logging.properties
26-Jul-2023 23:24:45.108 INFO [main] org.apache.catalina.startup.VersionLoggerListener.log Command line argument: -Djava.util.logging.manager=org.apache.juli.ClassLoaderLogManager
26-Jul-2023 23:24:45.108 INFO [main] org.apache.catalina.startup.VersionLoggerListener.log Command line argument: -Dhttp.nonProxyHosts=localhost|127.0.0.1|LAPTOP-7SAB97K9
26-Jul-2023 23:24:45.108 INFO [main] org.apache.catalina.startup.VersionLoggerListener.log Command line argument: -Djdk.tls.ephemeralDHKeySize=2048
26-Jul-2023 23:24:45.108 INFO [main] org.apache.catalina.startup.VersionLoggerListener.log Command line argument: -Djava.protocol.handler.pkgs=org.apache.catalina.webresources
26-Jul-2023 23:24:45.108 INFO [main] org.apache.catalina.startup.VersionLoggerListener.log Command line argument: -Dignore.endorsed.dirs=
26-Jul-2023 23:24:45.108 INFO [main] org.apache.catalina.startup.VersionLoggerListener.log Command line argument: -Dcatalina.base=C:\Users\benny\Desktop\apache-tomcat-9.0.78
26-Jul-2023 23:24:45.109 INFO [main] org.apache.catalina.startup.VersionLoggerListener.log Command line argument: -Dcatalina.home=C:\Users\benny\Desktop\apache-tomcat-9.0.78
26-Jul-2023 23:24:45.109 INFO [main] org.apache.catalina.startup.VersionLoggerListener.log Command line argument: -Djava.io.tmpdir=C:\Users\benny\Desktop\apache-tomcat-9.0.78\temp
26-Jul-2023 23:24:45.143 INFO [main] org.apache.catalina.core.AprLifecycleListener.lifecycleEvent The Apache Tomcat Native library which allows using OpenSSL was not found on the java.library.path: [C:\Program Files\Java\jdk1.8.0_351\bin;C:\WINDOWS\Sun\Java\bin;C:\WINDOWS\system32;C:\WINDOWS;C:\Program Files\Python311\Scripts\;C:\Program Files\Python311\;C:\Python310\Scripts\;C:\Python310\;C:\Program Files\Common Files\Oracle\Java\javapath;C:\Program Files (x86)\Common Files\Oracle\Java\javapath;C:\WINDOWS\system32;C:\WINDOWS;C:\WINDOWS\System32\Wbem;C:\WINDOWS\System32\WindowsPowerShell\v1.0\;C:\WINDOWS\System32\OpenSSH\;C:\Program Files\Git\cmd;C:\Program Files\dotnet\;C:\Program Files\Microsoft SQL Server\130\Tools\Binn\;C:\Program Files\Microsoft SQL Server\Client SDK\ODBC\170\Tools\Binn\;C:\Program Files\Microsoft VS Code\bin;C:\Program Files (x86)\Gpg4win\..\GnuPG\bin;C:\Program Files\nodejs\;C:\ProgramData\chocolatey\bin;C:\Program Files\apache-maven-3.8.5\bin;C:\Program Files\PuTTY\;C:\Program Files\Docker\Docker\resources\bin;C:\ProgramData\DockerDesktop\version-bin;C:\Program Files (x86)\GtkSharp\2.12\bin;C:\Users\benny\AppData\Local\Packages\PythonSoftwareFoundation.Python.3.9_qbz5n2kfra8p0\LocalCache\local-packages\Python39\Scripts;C:\Program Files\Microsoft SQL Server\110\Tools\Binn\;C:\Users\benny\AppData\Local\pnpm;C:\Users\benny\AppData\Local\Microsoft\WindowsApps;C:\Users\benny\.dotnet\tools;C:\Users\benny\AppData\Roaming\npm;C:\Users\benny\AppData\Local\Android\Sdk\platform-tools;C:\Users\benny\AppData\Roaming\Python\Python311\Scripts;C:\Users\benny\AppData\Roaming\Python\Python311\Scripts;;C:\Program Files\JetBrains\IntelliJ IDEA 2022.3.1\bin;;.]
26-Jul-2023 23:24:46.016 INFO [main] org.apache.coyote.AbstractProtocol.init Initializing ProtocolHandler ["http-nio-8080"]
26-Jul-2023 23:24:46.091 INFO [main] org.apache.catalina.startup.Catalina.load Server initialization in [1289] milliseconds
26-Jul-2023 23:24:46.178 INFO [main] org.apache.catalina.core.StandardService.startInternal Starting service [Catalina]
26-Jul-2023 23:24:46.178 INFO [main] org.apache.catalina.core.StandardEngine.startInternal Starting Servlet engine: [Apache Tomcat/9.0.78]
26-Jul-2023 23:24:46.203 INFO [main] org.apache.catalina.startup.HostConfig.deployDirectory Deploying web application directory [C:\Users\benny\Desktop\apache-tomcat-9.0.78\webapps\docs]
26-Jul-2023 23:24:47.280 WARNING [main] org.apache.catalina.util.SessionIdGeneratorBase.createSecureRandom Creation of SecureRandom instance for session ID generation using [SHA1PRNG] took [425] milliseconds.
26-Jul-2023 23:24:47.344 INFO [main] org.apache.catalina.startup.HostConfig.deployDirectory Deployment of web application directory [C:\Users\benny\Desktop\apache-tomcat-9.0.78\webapps\docs] has finished in [1,141] ms
26-Jul-2023 23:24:47.349 INFO [main] org.apache.catalina.startup.HostConfig.deployDirectory Deploying web application directory [C:\Users\benny\Desktop\apache-tomcat-9.0.78\webapps\examples]
26-Jul-2023 23:24:50.414 INFO [main] org.apache.catalina.startup.HostConfig.deployDirectory Deployment of web application directory [C:\Users\benny\Desktop\apache-tomcat-9.0.78\webapps\examples] has finished in [3,065] ms
26-Jul-2023 23:24:50.415 INFO [main] org.apache.catalina.startup.HostConfig.deployDirectory Deploying web application directory [C:\Users\benny\Desktop\apache-tomcat-9.0.78\webapps\host-manager]
26-Jul-2023 23:24:50.559 INFO [main] org.apache.catalina.startup.HostConfig.deployDirectory Deployment of web application directory [C:\Users\benny\Desktop\apache-tomcat-9.0.78\webapps\host-manager] has finished in [144] ms
26-Jul-2023 23:24:50.561 INFO [main] org.apache.catalina.startup.HostConfig.deployDirectory Deploying web application directory [C:\Users\benny\Desktop\apache-tomcat-9.0.78\webapps\manager]
26-Jul-2023 23:24:50.730 INFO [main] org.apache.catalina.startup.HostConfig.deployDirectory Deployment of web application directory [C:\Users\benny\Desktop\apache-tomcat-9.0.78\webapps\manager] has finished in [169] ms
26-Jul-2023 23:24:50.731 INFO [main] org.apache.catalina.startup.HostConfig.deployDirectory Deploying web application directory [C:\Users\benny\Desktop\apache-tomcat-9.0.78\webapps\ROOT]
26-Jul-2023 23:24:50.830 INFO [main] org.apache.catalina.startup.HostConfig.deployDirectory Deployment of web application directory [C:\Users\benny\Desktop\apache-tomcat-9.0.78\webapps\ROOT] has finished in [100] ms
26-Jul-2023 23:24:50.837 INFO [main] org.apache.coyote.AbstractProtocol.start Starting ProtocolHandler ["http-nio-8080"]
26-Jul-2023 23:24:50.891 INFO [main] org.apache.catalina.startup.Catalina.start Server startup in [4799] milliseconds
26-Jul-2023 23:25:06.859 INFO [http-nio-8080-exec-7] org.apache.catalina.startup.HostConfig.undeploy Undeploying context []
26-Jul-2023 23:25:06.974 INFO [http-nio-8080-exec-3] org.apache.catalina.startup.HostConfig.deployDescriptor Deploying deployment descriptor [C:\Users\benny\Desktop\apache-tomcat-9.0.78\conf\Catalina\localhost\ROOT.xml]
26-Jul-2023 23:25:06.976 WARNING [http-nio-8080-exec-3] org.apache.catalina.startup.HostConfig.deployDescriptor The path attribute with value [] in deployment descriptor [C:\Users\benny\Desktop\apache-tomcat-9.0.78\conf\Catalina\localhost\ROOT.xml] has been ignored
26-Jul-2023 23:25:08.342 INFO [http-nio-8080-exec-3] org.apache.jasper.servlet.TldScanner.scanJars At least one JAR was scanned for TLDs yet contained no TLDs. Enable debug logging for this logger for a complete list of JARs that were scanned but no TLDs were found in them. Skipping unneeded JARs during scanning can improve startup time and JSP compilation time.
26-Jul-2023 23:25:08.354 INFO [http-nio-8080-exec-3] org.apache.catalina.startup.HostConfig.deployDescriptor Deployment of deployment descriptor [C:\Users\benny\Desktop\apache-tomcat-9.0.78\conf\Catalina\localhost\ROOT.xml] has finished in [1,379] ms
26-Jul-2023 23:25:08.361 INFO [http-nio-8080-exec-9] org.apache.catalina.util.LifecycleBase.start The start() method was called on component [StandardEngine[Catalina].StandardHost[localhost].StandardContext[]] after start() had already been called. The second call will be ignored.
26-Jul-2023 23:31:12.298 INFO [Catalina-utility-1] org.apache.catalina.startup.HostConfig.undeploy Undeploying context []
26-Jul-2023 23:31:12.458 INFO [Catalina-utility-1] org.apache.catalina.startup.HostConfig.deployDescriptor Deploying deployment descriptor [C:\Users\benny\Desktop\apache-tomcat-9.0.78\conf\Catalina\localhost\ROOT.xml]
26-Jul-2023 23:31:12.467 WARNING [Catalina-utility-1] org.apache.catalina.startup.HostConfig.deployDescriptor The path attribute with value [] in deployment descriptor [C:\Users\benny\Desktop\apache-tomcat-9.0.78\conf\Catalina\localhost\ROOT.xml] has been ignored
26-Jul-2023 23:31:12.483 SEVERE [Catalina-utility-1] org.apache.catalina.startup.HostConfig.deployDescriptor Error deploying deployment descriptor [C:\Users\benny\Desktop\apache-tomcat-9.0.78\conf\Catalina\localhost\ROOT.xml]
	java.lang.IllegalStateException: Error starting child
		at org.apache.catalina.core.ContainerBase.addChildInternal(ContainerBase.java:686)
		at org.apache.catalina.core.ContainerBase.addChild(ContainerBase.java:658)
		at org.apache.catalina.core.StandardHost.addChild(StandardHost.java:662)
		at org.apache.catalina.startup.HostConfig.deployDescriptor(HostConfig.java:689)
		at org.apache.catalina.startup.HostConfig$DeployDescriptor.run(HostConfig.java:1888)
		at java.util.concurrent.Executors$RunnableAdapter.call(Executors.java:511)
		at java.util.concurrent.FutureTask.run(FutureTask.java:266)
		at org.apache.tomcat.util.threads.InlineExecutorService.execute(InlineExecutorService.java:75)
		at java.util.concurrent.AbstractExecutorService.submit(AbstractExecutorService.java:112)
		at org.apache.catalina.startup.HostConfig.deployDescriptors(HostConfig.java:582)
		at org.apache.catalina.startup.HostConfig.deployApps(HostConfig.java:472)
		at org.apache.catalina.startup.HostConfig.check(HostConfig.java:1666)
		at org.apache.catalina.startup.HostConfig.lifecycleEvent(HostConfig.java:314)
		at org.apache.catalina.util.LifecycleBase.fireLifecycleEvent(LifecycleBase.java:123)
		at org.apache.catalina.core.ContainerBase.backgroundProcess(ContainerBase.java:1098)
		at org.apache.catalina.core.ContainerBase$ContainerBackgroundProcessor.processChildren(ContainerBase.java:1297)
		at org.apache.catalina.core.ContainerBase$ContainerBackgroundProcessor.processChildren(ContainerBase.java:1301)
		at org.apache.catalina.core.ContainerBase$ContainerBackgroundProcessor.run(ContainerBase.java:1279)
		at java.util.concurrent.Executors$RunnableAdapter.call(Executors.java:511)
		at java.util.concurrent.FutureTask.runAndReset(FutureTask.java:308)
		at java.util.concurrent.ScheduledThreadPoolExecutor$ScheduledFutureTask.access$301(ScheduledThreadPoolExecutor.java:180)
		at java.util.concurrent.ScheduledThreadPoolExecutor$ScheduledFutureTask.run(ScheduledThreadPoolExecutor.java:294)
		at java.util.concurrent.ThreadPoolExecutor.runWorker(ThreadPoolExecutor.java:1149)
		at java.util.concurrent.ThreadPoolExecutor$Worker.run(ThreadPoolExecutor.java:624)
		at org.apache.tomcat.util.threads.TaskThread$WrappingRunnable.run(TaskThread.java:61)
		at java.lang.Thread.run(Thread.java:750)
	Caused by: org.apache.catalina.LifecycleException: Failed to start component [org.apache.catalina.webresources.StandardRoot@71cc3de7]
		at org.apache.catalina.util.LifecycleBase.handleSubClassException(LifecycleBase.java:440)
		at org.apache.catalina.util.LifecycleBase.start(LifecycleBase.java:198)
		at org.apache.catalina.core.StandardContext.resourcesStart(StandardContext.java:4607)
		at org.apache.catalina.core.StandardContext.startInternal(StandardContext.java:4740)
		at org.apache.catalina.util.LifecycleBase.start(LifecycleBase.java:183)
		at org.apache.catalina.core.ContainerBase.addChildInternal(ContainerBase.java:683)
		... 25 more
	Caused by: java.lang.IllegalArgumentException: The main resource set specified [C:\Users\benny\Documents\NetBeansProjects\VOIMobile\VehiclesOfInterestWebServices\build\web] is not a directory or war file, or is not readable (it does not exist or permissions to access it are missing)
		at org.apache.catalina.webresources.StandardRoot.createMainResourceSet(StandardRoot.java:749)
		at org.apache.catalina.webresources.StandardRoot.startInternal(StandardRoot.java:707)
		at org.apache.catalina.util.LifecycleBase.start(LifecycleBase.java:183)
		... 29 more
26-Jul-2023 23:31:12.493 INFO [Catalina-utility-1] org.apache.catalina.startup.HostConfig.deployDescriptor Deployment of deployment descriptor [C:\Users\benny\Desktop\apache-tomcat-9.0.78\conf\Catalina\localhost\ROOT.xml] has finished in [34] ms
26-Jul-2023 23:32:44.749 INFO [main] org.apache.catalina.core.StandardServer.await A valid shutdown command was received via the shutdown port. Stopping the Server instance.
26-Jul-2023 23:32:44.749 INFO [main] org.apache.coyote.AbstractProtocol.pause Pausing ProtocolHandler ["http-nio-8080"]
26-Jul-2023 23:32:45.136 INFO [main] org.apache.catalina.core.StandardService.stopInternal Stopping service [Catalina]
26-Jul-2023 23:32:45.169 INFO [main] org.apache.coyote.AbstractProtocol.stop Stopping ProtocolHandler ["http-nio-8080"]
26-Jul-2023 23:32:45.183 INFO [main] org.apache.coyote.AbstractProtocol.destroy Destroying ProtocolHandler ["http-nio-8080"]
